AndroidProjectRunner/launcher/build/intermediates/manifest_merge_blame_file/release/manifest-merger-blame-release-report.txt
1<?xml version="1.0" encoding="utf-8"?>
2<manifest xmlns:android="http://schemas.android.com/apk/res/android"
3    package="com.UnityTechnologies.com.unity.template.urpblank"
4    android:installLocation="preferExternal"
5    android:versionCode="1"
6    android:versionName="0.1.0" >
7
8    <uses-sdk
9        android:minSdkVersion="22"
10        android:targetSdkVersion="30" />
11
12    <supports-screens
12-->src/main/AndroidManifest.xml:4:3-163
13        android:anyDensity="true"
13-->src/main/AndroidManifest.xml:4:135-160
14        android:largeScreens="true"
14-->src/main/AndroidManifest.xml:4:78-105
15        android:normalScreens="true"
15-->src/main/AndroidManifest.xml:4:49-77
16        android:smallScreens="true"
16-->src/main/AndroidManifest.xml:4:21-48
17        android:xlargeScreens="true" />
17-->src/main/AndroidManifest.xml:4:106-134
18
19    <uses-feature android:glEsVersion="0x00030000" />
19-->[:unityLibrary] AndroidManifest.xml:8:5-54
19-->[:unityLibrary] AndroidManifest.xml:8:19-51
20    <uses-feature
20-->[:unityLibrary] AndroidManifest.xml:9:5-11:36
21        android:name="android.hardware.vulkan.version"
21-->[:unityLibrary] AndroidManifest.xml:10:9-55
22        android:required="false" />
22-->[:unityLibrary] AndroidManifest.xml:11:9-33
23
24    <uses-permission android:name="android.permission.INTERNET" />
24-->[:unityLibrary] AndroidManifest.xml:13:5-67
24-->[:unityLibrary] AndroidManifest.xml:13:22-64
25
26    <uses-feature
26-->[:unityLibrary] AndroidManifest.xml:15:5-17:36
27        android:name="android.hardware.touchscreen"
27-->[:unityLibrary] AndroidManifest.xml:16:9-52
28        android:required="false" />
28-->[:unityLibrary] AndroidManifest.xml:17:9-33
29    <uses-feature
29-->[:unityLibrary] AndroidManifest.xml:18:5-20:36
30        android:name="android.hardware.touchscreen.multitouch"
30-->[:unityLibrary] AndroidManifest.xml:19:9-63
31        android:required="false" />
31-->[:unityLibrary] AndroidManifest.xml:20:9-33
32    <uses-feature
32-->[:unityLibrary] AndroidManifest.xml:21:5-23:36
33        android:name="android.hardware.touchscreen.multitouch.distinct"
33-->[:unityLibrary] AndroidManifest.xml:22:9-72
34        android:required="false" />
34-->[:unityLibrary] AndroidManifest.xml:23:9-33
35
36    <application
36-->src/main/AndroidManifest.xml:5:3-126
37        android:extractNativeLibs="true"
38        android:icon="@mipmap/app_icon"
38-->src/main/AndroidManifest.xml:5:49-80
39        android:label="@string/app_name"
39-->src/main/AndroidManifest.xml:5:16-48
40        android:roundIcon="@mipmap/app_icon_round" >
40-->src/main/AndroidManifest.xml:5:81-123
41        <activity
41-->[:unityLibrary] AndroidManifest.xml:26:9-52:20
42            android:name="com.unity3d.player.UnityPlayerActivity"
42-->[:unityLibrary] AndroidManifest.xml:27:13-66
43            android:configChanges="mcc|mnc|locale|touchscreen|keyboard|keyboardHidden|navigation|orientation|screenLayout|uiMode|screenSize|smallestScreenSize|fontScale|layoutDirection|density"
43-->[:unityLibrary] AndroidManifest.xml:28:13-194
44            android:hardwareAccelerated="false"
44-->[:unityLibrary] AndroidManifest.xml:29:13-48
45            android:launchMode="singleTask"
45-->[:unityLibrary] AndroidManifest.xml:30:13-44
46            android:resizeableActivity="true"
46-->[:unityLibrary] AndroidManifest.xml:31:13-46
47            android:screenOrientation="portrait"
47-->[:unityLibrary] AndroidManifest.xml:32:13-49
48            android:theme="@style/UnityThemeSelector" >
48-->[:unityLibrary] AndroidManifest.xml:33:13-54
49            <intent-filter>
49-->[:unityLibrary] AndroidManifest.xml:34:13-38:29
50                <action android:name="android.intent.action.MAIN" />
50-->[:unityLibrary] AndroidManifest.xml:35:17-69
50-->[:unityLibrary] AndroidManifest.xml:35:25-66
51
52                <category android:name="android.intent.category.LAUNCHER" />
52-->[:unityLibrary] AndroidManifest.xml:37:17-77
52-->[:unityLibrary] AndroidManifest.xml:37:27-74
53            </intent-filter>
54
55            <meta-data
55-->[:unityLibrary] AndroidManifest.xml:40:13-42:40
56                android:name="unityplayer.UnityActivity"
56-->[:unityLibrary] AndroidManifest.xml:41:17-57
57                android:value="true" />
57-->[:unityLibrary] AndroidManifest.xml:42:17-37
58            <meta-data
58-->[:unityLibrary] AndroidManifest.xml:43:13-45:71
59                android:name="WindowManagerPreference:FreeformWindowSize"
59-->[:unityLibrary] AndroidManifest.xml:44:17-74
60                android:value="@string/FreeformWindowSize_maximize" />
60-->[:unityLibrary] AndroidManifest.xml:45:17-68
61            <meta-data
61-->[:unityLibrary] AndroidManifest.xml:46:13-48:78
62                android:name="WindowManagerPreference:FreeformWindowOrientation"
62-->[:unityLibrary] AndroidManifest.xml:47:17-81
63                android:value="@string/FreeformWindowOrientation_portrait" />
63-->[:unityLibrary] AndroidManifest.xml:48:17-75
64            <meta-data
64-->[:unityLibrary] AndroidManifest.xml:49:13-51:40
65                android:name="android.notch_support"
65-->[:unityLibrary] AndroidManifest.xml:50:17-53
66                android:value="true" />
66-->[:unityLibrary] AndroidManifest.xml:51:17-37
67        </activity>
68
69        <meta-data
69-->[:unityLibrary] AndroidManifest.xml:54:9-56:33
70            android:name="unity.splash-mode"
70-->[:unityLibrary] AndroidManifest.xml:55:13-45
71            android:value="0" />
71-->[:unityLibrary] AndroidManifest.xml:56:13-30
72        <meta-data
72-->[:unityLibrary] AndroidManifest.xml:57:9-59:36
73            android:name="unity.splash-enable"
73-->[:unityLibrary] AndroidManifest.xml:58:13-47
74            android:value="True" />
74-->[:unityLibrary] AndroidManifest.xml:59:13-33
75        <meta-data
75-->[:unityLibrary] AndroidManifest.xml:60:9-62:36
76            android:name="unity.launch-fullscreen"
76-->[:unityLibrary] AndroidManifest.xml:61:13-51
77            android:value="True" />
77-->[:unityLibrary] AndroidManifest.xml:62:13-33
78        <meta-data
78-->[:unityLibrary] AndroidManifest.xml:63:9-65:36
79            android:name="unity.allow-resizable-window"
79-->[:unityLibrary] AndroidManifest.xml:64:13-56
80            android:value="True" />
80-->[:unityLibrary] AndroidManifest.xml:65:13-33
81        <meta-data
81-->[:unityLibrary] AndroidManifest.xml:66:9-68:50
82            android:name="notch.config"
82-->[:unityLibrary] AndroidManifest.xml:67:13-40
83            android:value="portrait|landscape" />
83-->[:unityLibrary] AndroidManifest.xml:68:13-47
84        <meta-data
84-->[:unityLibrary] AndroidManifest.xml:69:9-71:36
85            android:name="unity.auto-report-fully-drawn"
85-->[:unityLibrary] AndroidManifest.xml:70:13-57
86            android:value="true" />
86-->[:unityLibrary] AndroidManifest.xml:71:13-33
87    </application>
88
89</manifest>